2019-07-04 00:03:14.509  INFO 9108 --- [AsyncResolver-bootstrap-executor-0] c.n.d.s.r.aws.ConfigClusterResolver      : Resolving eureka endpoints via configuration
2019-07-04 03:08:14.364  INFO 9108 --- [AsyncResolver-bootstrap-executor-0] c.n.d.s.r.aws.ConfigClusterResolver      : Resolving eureka endpoints via configuration
2019-07-04 09:55:45.523  WARN 9108 --- [HikariPool-1 housekeeper] com.zaxxer.hikari.pool.HikariPool        : HikariPool-1 - Thread starvation or clock leap detected (housekeeper delta=9h47m56s409ms46µs852ns).
2019-07-04 10:00:30.698  INFO 9108 --- [AsyncResolver-bootstrap-executor-0] c.n.d.s.r.aws.ConfigClusterResolver      : Resolving eureka endpoints via configuration
2019-07-04 10:05:30.701  INFO 9108 --- [AsyncResolver-bootstrap-executor-0] c.n.d.s.r.aws.ConfigClusterResolver      : Resolving eureka endpoints via configuration
2019-07-04 10:10:30.704  INFO 9108 --- [AsyncResolver-bootstrap-executor-0] c.n.d.s.r.aws.ConfigClusterResolver      : Resolving eureka endpoints via configuration
2019-07-04 10:15:30.706  INFO 9108 --- [AsyncResolver-bootstrap-executor-0] c.n.d.s.r.aws.ConfigClusterResolver      : Resolving eureka endpoints via configuration
2019-07-04 10:20:30.708  INFO 9108 --- [AsyncResolver-bootstrap-executor-0] c.n.d.s.r.aws.ConfigClusterResolver      : Resolving eureka endpoints via configuration
2019-07-04 10:25:30.711  INFO 9108 --- [AsyncResolver-bootstrap-executor-0] c.n.d.s.r.aws.ConfigClusterResolver      : Resolving eureka endpoints via configuration
2019-07-04 10:30:30.714  INFO 9108 --- [AsyncResolver-bootstrap-executor-0] c.n.d.s.r.aws.ConfigClusterResolver      : Resolving eureka endpoints via configuration
2019-07-04 10:35:30.717  INFO 9108 --- [AsyncResolver-bootstrap-executor-0] c.n.d.s.r.aws.ConfigClusterResolver      : Resolving eureka endpoints via configuration
2019-07-04 10:48:50.764  WARN 9108 --- [HikariPool-1 housekeeper] com.zaxxer.hikari.pool.HikariPool        : HikariPool-1 - Thread starvation or clock leap detected (housekeeper delta=13m5s233ms871µs702ns).
2019-07-04 10:53:05.874  INFO 9108 --- [AsyncResolver-bootstrap-executor-0] c.n.d.s.r.aws.ConfigClusterResolver      : Resolving eureka endpoints via configuration
2019-07-04 10:58:05.878  INFO 9108 --- [AsyncResolver-bootstrap-executor-0] c.n.d.s.r.aws.ConfigClusterResolver      : Resolving eureka endpoints via configuration
2019-07-04 11:03:05.880  INFO 9108 --- [AsyncResolver-bootstrap-executor-0] c.n.d.s.r.aws.ConfigClusterResolver      : Resolving eureka endpoints via configuration
2019-07-04 11:08:05.884  INFO 9108 --- [AsyncResolver-bootstrap-executor-0] c.n.d.s.r.aws.ConfigClusterResolver      : Resolving eureka endpoints via configuration
2019-07-04 11:13:05.888  INFO 9108 --- [AsyncResolver-bootstrap-executor-0] c.n.d.s.r.aws.ConfigClusterResolver      : Resolving eureka endpoints via configuration
2019-07-04 11:18:05.892  INFO 9108 --- [AsyncResolver-bootstrap-executor-0] c.n.d.s.r.aws.ConfigClusterResolver      : Resolving eureka endpoints via configuration
2019-07-04 11:23:05.900  INFO 9108 --- [AsyncResolver-bootstrap-executor-0] c.n.d.s.r.aws.ConfigClusterResolver      : Resolving eureka endpoints via configuration
2019-07-04 11:28:05.902  INFO 9108 --- [AsyncResolver-bootstrap-executor-0] c.n.d.s.r.aws.ConfigClusterResolver      : Resolving eureka endpoints via configuration
2019-07-04 11:33:05.905  INFO 9108 --- [AsyncResolver-bootstrap-executor-0] c.n.d.s.r.aws.ConfigClusterResolver      : Resolving eureka endpoints via configuration
2019-07-04 11:38:05.907  INFO 9108 --- [AsyncResolver-bootstrap-executor-0] c.n.d.s.r.aws.ConfigClusterResolver      : Resolving eureka endpoints via configuration
2019-07-04 11:43:05.909  INFO 9108 --- [AsyncResolver-bootstrap-executor-0] c.n.d.s.r.aws.ConfigClusterResolver      : Resolving eureka endpoints via configuration
2019-07-04 11:48:05.911  INFO 9108 --- [AsyncResolver-bootstrap-executor-0] c.n.d.s.r.aws.ConfigClusterResolver      : Resolving eureka endpoints via configuration
2019-07-04 11:53:05.914  INFO 9108 --- [AsyncResolver-bootstrap-executor-0] c.n.d.s.r.aws.ConfigClusterResolver      : Resolving eureka endpoints via configuration
2019-07-04 11:58:05.915  INFO 9108 --- [AsyncResolver-bootstrap-executor-0] c.n.d.s.r.aws.ConfigClusterResolver      : Resolving eureka endpoints via configuration
2019-07-04 12:00:01.738  WARN 9108 --- [HikariPool-1 housekeeper] com.zaxxer.hikari.pool.HikariPool        : HikariPool-1 - Thread starvation or clock leap detected (housekeeper delta=1m40s875ms599µs741ns).
2019-07-04 12:04:16.709  INFO 9108 --- [AsyncResolver-bootstrap-executor-0] c.n.d.s.r.aws.ConfigClusterResolver      : Resolving eureka endpoints via configuration
2019-07-04 12:09:16.712  INFO 9108 --- [AsyncResolver-bootstrap-executor-0] c.n.d.s.r.aws.ConfigClusterResolver      : Resolving eureka endpoints via configuration
2019-07-04 12:14:16.714  INFO 9108 --- [AsyncResolver-bootstrap-executor-0] c.n.d.s.r.aws.ConfigClusterResolver      : Resolving eureka endpoints via configuration
2019-07-04 12:19:16.717  INFO 9108 --- [AsyncResolver-bootstrap-executor-0] c.n.d.s.r.aws.ConfigClusterResolver      : Resolving eureka endpoints via configuration
2019-07-04 12:24:16.720  INFO 9108 --- [AsyncResolver-bootstrap-executor-0] c.n.d.s.r.aws.ConfigClusterResolver      : Resolving eureka endpoints via configuration
2019-07-04 12:29:16.723  INFO 9108 --- [AsyncResolver-bootstrap-executor-0] c.n.d.s.r.aws.ConfigClusterResolver      : Resolving eureka endpoints via configuration
2019-07-04 12:34:16.725  INFO 9108 --- [AsyncResolver-bootstrap-executor-0] c.n.d.s.r.aws.ConfigClusterResolver      : Resolving eureka endpoints via configuration
2019-07-04 12:39:16.728  INFO 9108 --- [AsyncResolver-bootstrap-executor-0] c.n.d.s.r.aws.ConfigClusterResolver      : Resolving eureka endpoints via configuration
2019-07-04 12:44:16.731  INFO 9108 --- [AsyncResolver-bootstrap-executor-0] c.n.d.s.r.aws.ConfigClusterResolver      : Resolving eureka endpoints via configuration
2019-07-04 17:11:18.053  WARN 9108 --- [HikariPool-1 housekeeper] com.zaxxer.hikari.pool.HikariPool        : HikariPool-1 - Thread starvation or clock leap detected (housekeeper delta=4h22m57s619ms535µs310ns).
2019-07-04 17:11:32.884  INFO 9108 --- [AsyncResolver-bootstrap-executor-0] c.n.d.s.r.aws.ConfigClusterResolver      : Resolving eureka endpoints via configuration
2019-07-04 17:16:32.885  INFO 9108 --- [AsyncResolver-bootstrap-executor-0] c.n.d.s.r.aws.ConfigClusterResolver      : Resolving eureka endpoints via configuration
2019-07-04 17:21:32.891  INFO 9108 --- [AsyncResolver-bootstrap-executor-0] c.n.d.s.r.aws.ConfigClusterResolver      : Resolving eureka endpoints via configuration
2019-07-04 17:26:32.893  INFO 9108 --- [AsyncResolver-bootstrap-executor-0] c.n.d.s.r.aws.ConfigClusterResolver      : Resolving eureka endpoints via configuration
2019-07-04 17:31:32.897  INFO 9108 --- [AsyncResolver-bootstrap-executor-0] c.n.d.s.r.aws.ConfigClusterResolver      : Resolving eureka endpoints via configuration
2019-07-04 17:36:32.898  INFO 9108 --- [AsyncResolver-bootstrap-executor-0] c.n.d.s.r.aws.ConfigClusterResolver      : Resolving eureka endpoints via configuration
2019-07-04 17:41:32.901  INFO 9108 --- [AsyncResolver-bootstrap-executor-0] c.n.d.s.r.aws.ConfigClusterResolver      : Resolving eureka endpoints via configuration
2019-07-04 17:46:32.903  INFO 9108 --- [AsyncResolver-bootstrap-executor-0] c.n.d.s.r.aws.ConfigClusterResolver      : Resolving eureka endpoints via configuration
2019-07-04 17:51:32.904  INFO 9108 --- [AsyncResolver-bootstrap-executor-0] c.n.d.s.r.aws.ConfigClusterResolver      : Resolving eureka endpoints via configuration
2019-07-04 17:56:32.910  INFO 9108 --- [AsyncResolver-bootstrap-executor-0] c.n.d.s.r.aws.ConfigClusterResolver      : Resolving eureka endpoints via configuration
2019-07-04 18:01:32.913  INFO 9108 --- [AsyncResolver-bootstrap-executor-0] c.n.d.s.r.aws.ConfigClusterResolver      : Resolving eureka endpoints via configuration
2019-07-04 18:06:32.917  INFO 9108 --- [AsyncResolver-bootstrap-executor-0] c.n.d.s.r.aws.ConfigClusterResolver      : Resolving eureka endpoints via configuration
2019-07-04 18:11:32.922  INFO 9108 --- [AsyncResolver-bootstrap-executor-0] c.n.d.s.r.aws.ConfigClusterResolver      : Resolving eureka endpoints via configuration
2019-07-04 18:16:32.927  INFO 9108 --- [AsyncResolver-bootstrap-executor-0] c.n.d.s.r.aws.ConfigClusterResolver      : Resolving eureka endpoints via configuration
2019-07-04 18:21:32.929  INFO 9108 --- [AsyncResolver-bootstrap-executor-0] c.n.d.s.r.aws.ConfigClusterResolver      : Resolving eureka endpoints via configuration
2019-07-04 18:26:32.931  INFO 9108 --- [AsyncResolver-bootstrap-executor-0] c.n.d.s.r.aws.ConfigClusterResolver      : Resolving eureka endpoints via configuration
2019-07-04 19:46:35.180  WARN 9108 --- [HikariPool-1 housekeeper] com.zaxxer.hikari.pool.HikariPool        : HikariPool-1 - Thread starvation or clock leap detected (housekeeper delta=1h17m58s304ms774µs329ns).
2019-07-04 19:48:49.821  INFO 9108 --- [AsyncResolver-bootstrap-executor-0] c.n.d.s.r.aws.ConfigClusterResolver      : Resolving eureka endpoints via configuration
2019-07-04 19:53:49.824  INFO 9108 --- [AsyncResolver-bootstrap-executor-0] c.n.d.s.r.aws.ConfigClusterResolver      : Resolving eureka endpoints via configuration
2019-07-04 19:58:49.826  INFO 9108 --- [AsyncResolver-bootstrap-executor-0] c.n.d.s.r.aws.ConfigClusterResolver      : Resolving eureka endpoints via configuration
2019-07-04 20:03:49.831  INFO 9108 --- [AsyncResolver-bootstrap-executor-0] c.n.d.s.r.aws.ConfigClusterResolver      : Resolving eureka endpoints via configuration
2019-07-04 20:08:49.837  INFO 9108 --- [AsyncResolver-bootstrap-executor-0] c.n.d.s.r.aws.ConfigClusterResolver      : Resolving eureka endpoints via configuration
2019-07-04 20:13:49.838  INFO 9108 --- [AsyncResolver-bootstrap-executor-0] c.n.d.s.r.aws.ConfigClusterResolver      : Resolving eureka endpoints via configuration
2019-07-04 20:17:49.063  INFO 15836 --- [main] c.a.a.m.d.DepartmentServiceApplication   : No active profile set, falling back to default profiles: default
2019-07-04 20:17:49.090  INFO 15836 --- [main] ConfigServletWebServerApplicationContext : Refreshing org.springframework.boot.web.servlet.context.AnnotationConfigServletWebServerApplicationContext@1950e8a6: startup date [Thu Jul 04 20:17:49 CEST 2019]; parent: org.springframework.context.annotation.AnnotationConfigApplicationContext@18ece7f4
2019-07-04 20:17:51.419  INFO 15836 --- [main] o.s.b.f.s.DefaultListableBeanFactory     : Overriding bean definition for bean 'dataSource' with a different definition: replacing [Root bean: class [null]; scope=refresh; abstract=false; lazyInit=false; autowireMode=3; dependencyCheck=0; autowireCandidate=false; primary=false; factoryBeanName=org.springframework.boot.autoconfigure.jdbc.DataSourceConfiguration$Hikari; factoryMethodName=dataSource; initMethodName=null; destroyMethodName=(inferred); defined in class path resource [org/springframework/boot/autoconfigure/jdbc/DataSourceConfiguration$Hikari.class]] with [Root bean: class [org.springframework.aop.scope.ScopedProxyFactoryBean]; scope=; abstract=false; lazyInit=false; autowireMode=0; dependencyCheck=0; autowireCandidate=true; primary=false; factoryBeanName=null; factoryMethodName=null; initMethodName=null; destroyMethodName=null; defined in BeanDefinition defined in class path resource [org/springframework/boot/autoconfigure/jdbc/DataSourceConfiguration$Hikari.class]]
2019-07-04 20:17:51.875  INFO 15836 --- [main] o.s.cloud.context.scope.GenericScope     : BeanFactory id=c697f97c-d057-328b-9acf-71e4025bd295
2019-07-04 20:17:51.930  INFO 15836 --- [main] f.a.AutowiredAnnotationBeanPostProcessor : JSR-330 'javax.inject.Inject' annotation found and supported for autowiring
2019-07-04 20:17:52.166  INFO 15836 --- [main] trationDelegate$BeanPostProcessorChecker : Bean 'org.springframework.transaction.annotation.ProxyTransactionManagementConfiguration' of type [org.springframework.transaction.annotation.ProxyTransactionManagementConfiguration$$EnhancerBySpringCGLIB$$89b82d7c] is not eligible for getting processed by all BeanPostProcessors (for example: not eligible for auto-proxying)
2019-07-04 20:17:52.245  INFO 15836 --- [main] trationDelegate$BeanPostProcessorChecker : Bean 'org.springframework.cloud.autoconfigure.ConfigurationPropertiesRebinderAutoConfiguration' of type [org.springframework.cloud.autoconfigure.ConfigurationPropertiesRebinderAutoConfiguration$$EnhancerBySpringCGLIB$$a5d23079] is not eligible for getting processed by all BeanPostProcessors (for example: not eligible for auto-proxying)
2019-07-04 20:17:53.192  INFO 15836 --- [main] o.s.b.w.embedded.tomcat.TomcatWebServer  : Tomcat initialized with port(s): 8084 (http)
2019-07-04 20:17:53.237  INFO 15836 --- [main] o.apache.catalina.core.StandardService   : Starting service [Tomcat]
2019-07-04 20:17:53.238  INFO 15836 --- [main] org.apache.catalina.core.StandardEngine  : Starting Servlet Engine: Apache Tomcat/8.5.34
2019-07-04 20:17:53.262  INFO 15836 --- [localhost-startStop-1] o.a.catalina.core.AprLifecycleListener   : The APR based Apache Tomcat Native library which allows optimal performance in production environments was not found on the java.library.path: [C:\Program Files\Java\jdk-12.0.1\bin;C:\Windows\Sun\Java\bin;C:\Windows\system32;C:\Windows;C:\ProgramData\DockerDesktop\version-bin;C:\Program Files\Docker\Docker\Resources\bin;C:\Program Files (x86)\Common Files\Oracle\Java\javapath;C:\Program Files (x86)\Intel\Intel(R) Management Engine Components\iCLS\;C:\Program Files\Intel\Intel(R) Management Engine Components\iCLS\;C:\Windows\system32;C:\Windows;C:\Windows\System32\Wbem;C:\Windows\System32\WindowsPowerShell\v1.0\;C:\Program Files (x86)\Intel\Intel(R) Management Engine Components\DAL;C:\Program Files\Intel\Intel(R) Management Engine Components\DAL;C:\Program Files (x86)\Intel\Intel(R) Management Engine Components\IPT;C:\Program Files\Intel\Intel(R) Management Engine Components\IPT;C:\Program Files\Intel\WiFi\bin\;C:\Program Files\Common Files\Intel\WirelessCommon\;C:\Program Files\Git\cmd;C:\Program Files (x86)\apache-maven-3.6.1\bin;C:\Program Files\Java\jdk-12.0.1\bin;C:\Program Files\nodejs\;C:\Users\admin\AppData\Local\Microsoft\WindowsApps;C:\Users\admin\AppData\Roaming\npm;.]
2019-07-04 20:17:53.644  INFO 15836 --- [localhost-startStop-1] o.a.c.c.C.[Tomcat].[localhost].[/]       : Initializing Spring embedded WebApplicationContext
2019-07-04 20:17:53.645  INFO 15836 --- [localhost-startStop-1] o.s.web.context.ContextLoader            : Root WebApplicationContext: initialization completed in 4556 ms
2019-07-04 20:17:54.110  WARN 15836 --- [localhost-startStop-1] c.n.c.sources.URLConfigurationSource     : No URLs will be polled as dynamic configuration sources.
2019-07-04 20:17:54.110  INFO 15836 --- [localhost-startStop-1] c.n.c.sources.URLConfigurationSource     : To enable URLs as dynamic configuration sources, define System property archaius.configurationSource.additionalUrls or make config.properties available on classpath.
2019-07-04 20:17:54.142  INFO 15836 --- [localhost-startStop-1] c.netflix.config.DynamicPropertyFactory  : DynamicPropertyFactory is initialized with configuration sources: com.netflix.config.ConcurrentCompositeConfiguration@12568088
2019-07-04 20:17:56.654  INFO 15836 --- [localhost-startStop-1] o.s.b.w.servlet.FilterRegistrationBean   : Mapping filter: 'characterEncodingFilter' to: [/*]
2019-07-04 20:17:56.656  INFO 15836 --- [localhost-startStop-1] o.s.b.w.servlet.FilterRegistrationBean   : Mapping filter: 'webMvcMetricsFilter' to: [/*]
2019-07-04 20:17:56.657  INFO 15836 --- [localhost-startStop-1] o.s.b.w.servlet.FilterRegistrationBean   : Mapping filter: 'hiddenHttpMethodFilter' to: [/*]
2019-07-04 20:17:56.657  INFO 15836 --- [localhost-startStop-1] o.s.b.w.servlet.FilterRegistrationBean   : Mapping filter: 'httpPutFormContentFilter' to: [/*]
2019-07-04 20:17:56.664  INFO 15836 --- [localhost-startStop-1] o.s.b.w.servlet.FilterRegistrationBean   : Mapping filter: 'requestContextFilter' to: [/*]
2019-07-04 20:17:56.665  INFO 15836 --- [localhost-startStop-1] .s.DelegatingFilterProxyRegistrationBean : Mapping filter: 'springSecurityFilterChain' to: [/*]
2019-07-04 20:17:56.665  INFO 15836 --- [localhost-startStop-1] o.s.b.w.servlet.FilterRegistrationBean   : Mapping filter: 'httpTraceFilter' to: [/*]
2019-07-04 20:17:56.665  INFO 15836 --- [localhost-startStop-1] o.s.b.w.servlet.ServletRegistrationBean  : Servlet dispatcherServlet mapped to [/]
2019-07-04 20:17:56.850  INFO 15836 --- [main] com.zaxxer.hikari.HikariDataSource       : HikariPool-1 - Starting...
2019-07-04 20:17:57.192  INFO 15836 --- [main] com.zaxxer.hikari.HikariDataSource       : HikariPool-1 - Start completed.
2019-07-04 20:17:57.262  INFO 15836 --- [main] j.LocalContainerEntityManagerFactoryBean : Building JPA container EntityManagerFactory for persistence unit 'default'
2019-07-04 20:17:57.290  INFO 15836 --- [main] o.hibernate.jpa.internal.util.LogHelper  : HHH000204: Processing PersistenceUnitInfo [
	name: default
	...]
2019-07-04 20:17:57.483  INFO 15836 --- [main] org.hibernate.Version                    : HHH000412: Hibernate Core {5.2.17.Final}
2019-07-04 20:17:57.485  INFO 15836 --- [main] org.hibernate.cfg.Environment            : HHH000206: hibernate.properties not found
2019-07-04 20:17:57.577  INFO 15836 --- [main] o.hibernate.annotations.common.Version   : HCANN000001: Hibernate Commons Annotations {5.0.1.Final}
2019-07-04 20:17:57.841  INFO 15836 --- [main] org.hibernate.dialect.Dialect            : HHH000400: Using dialect: org.hibernate.dialect.MySQL5InnoDBDialect
2019-07-04 20:17:58.901  INFO 15836 --- [main] o.h.t.schema.internal.SchemaCreatorImpl  : HHH000476: Executing import script 'org.hibernate.tool.schema.internal.exec.ScriptSourceInputNonExistentImpl@2059f785'
2019-07-04 20:17:58.906  INFO 15836 --- [main] j.LocalContainerEntityManagerFactoryBean : Initialized JPA EntityManagerFactory for persistence unit 'default'
2019-07-04 20:17:59.526  INFO 15836 --- [main] s.c.a.AnnotationConfigApplicationContext : Refreshing FeignContext-DEPARTMENT-SERVICE: startup date [Thu Jul 04 20:17:59 CEST 2019]; parent: org.springframework.boot.web.servlet.context.AnnotationConfigServletWebServerApplicationContext@1950e8a6
2019-07-04 20:17:59.555  INFO 15836 --- [main] f.a.AutowiredAnnotationBeanPostProcessor : JSR-330 'javax.inject.Inject' annotation found and supported for autowiring
2019-07-04 20:18:00.157  WARN 15836 --- [main] c.n.c.sources.URLConfigurationSource     : No URLs will be polled as dynamic configuration sources.
2019-07-04 20:18:00.158  INFO 15836 --- [main] c.n.c.sources.URLConfigurationSource     : To enable URLs as dynamic configuration sources, define System property archaius.configurationSource.additionalUrls or make config.properties available on classpath.
2019-07-04 20:18:00.373  INFO 15836 --- [main] o.s.w.s.handler.SimpleUrlHandlerMapping  : Mapped URL path [/**/favicon.ico] onto handler of type [class org.springframework.web.servlet.resource.ResourceHttpRequestHandler]
2019-07-04 20:18:00.899  INFO 15836 --- [main] s.w.s.m.m.a.RequestMappingHandlerAdapter : Looking for @ControllerAdvice: org.springframework.boot.web.servlet.context.AnnotationConfigServletWebServerApplicationContext@1950e8a6: startup date [Thu Jul 04 20:17:49 CEST 2019]; parent: org.springframework.context.annotation.AnnotationConfigApplicationContext@18ece7f4
2019-07-04 20:18:01.025  WARN 15836 --- [main] aWebConfiguration$JpaWebMvcConfiguration : spring.jpa.open-in-view is enabled by default. Therefore, database queries may be performed during view rendering. Explicitly configure spring.jpa.open-in-view to disable this warning
2019-07-04 20:18:01.095  INFO 15836 --- [main] s.w.s.m.m.a.RequestMappingHandlerMapping : Mapped "{[/init-departments],methods=[GET]}" onto public java.lang.String com.a2a.api.microservices.department.api.DepartmentResource.init()
2019-07-04 20:18:01.097  INFO 15836 --- [main] s.w.s.m.m.a.RequestMappingHandlerMapping : Mapped "{[/department/{departmentId}],methods=[GET]}" onto public void com.a2a.api.microservices.department.api.DepartmentResource.deleteAgentBy(int)
2019-07-04 20:18:01.098  INFO 15836 --- [main] s.w.s.m.m.a.RequestMappingHandlerMapping : Mapped "{[/department],methods=[POST]}" onto public void com.a2a.api.microservices.department.api.DepartmentResource.addDepartment(com.a2a.api.microservices.department.domaine.Department)
2019-07-04 20:18:01.099  INFO 15836 --- [main] s.w.s.m.m.a.RequestMappingHandlerMapping : Mapped "{[/departments],methods=[GET]}" onto public java.util.List<com.a2a.api.microservices.department.domaine.Department> com.a2a.api.microservices.department.api.DepartmentResource.findAllDepartments()
2019-07-04 20:18:01.103  INFO 15836 --- [main] s.w.s.m.m.a.RequestMappingHandlerMapping : Mapped "{[/error]}" onto public org.springframework.http.ResponseEntity<java.util.Map<java.lang.String, java.lang.Object>> org.springframework.boot.autoconfigure.web.servlet.error.BasicErrorController.error(javax.servlet.http.HttpServletRequest)
2019-07-04 20:18:01.106  INFO 15836 --- [main] s.w.s.m.m.a.RequestMappingHandlerMapping : Mapped "{[/error],produces=[text/html]}" onto public org.springframework.web.servlet.ModelAndView org.springframework.boot.autoconfigure.web.servlet.error.BasicErrorController.errorHtml(javax.servlet.http.HttpServletRequest,javax.servlet.http.HttpServletResponse)
2019-07-04 20:18:01.202  INFO 15836 --- [main] o.s.w.s.handler.SimpleUrlHandlerMapping  : Mapped URL path [/webjars/**] onto handler of type [class org.springframework.web.servlet.resource.ResourceHttpRequestHandler]
2019-07-04 20:18:01.204  INFO 15836 --- [main] o.s.w.s.handler.SimpleUrlHandlerMapping  : Mapped URL path [/**] onto handler of type [class org.springframework.web.servlet.resource.ResourceHttpRequestHandler]
2019-07-04 20:18:03.498  INFO 15836 --- [main] .s.s.UserDetailsServiceAutoConfiguration : 

Using generated security password: 7d6a193d-59ee-4739-ad8c-d5c02df5f650

2019-07-04 20:18:03.883  INFO 15836 --- [main] o.s.s.web.DefaultSecurityFilterChain     : Creating filter chain: org.springframework.security.web.util.matcher.AnyRequestMatcher@1, [org.springframework.security.web.context.request.async.WebAsyncManagerIntegrationFilter@5a95aaae, org.springframework.security.web.context.SecurityContextPersistenceFilter@4a977146, org.springframework.security.web.header.HeaderWriterFilter@2d527346, org.springframework.security.web.csrf.CsrfFilter@34588991, org.springframework.security.web.authentication.logout.LogoutFilter@5542418c, org.springframework.security.web.authentication.UsernamePasswordAuthenticationFilter@50d91a0f, org.springframework.security.web.authentication.ui.DefaultLoginPageGeneratingFilter@17b387ef, org.springframework.security.web.authentication.www.BasicAuthenticationFilter@18139a43, org.springframework.security.web.savedrequest.RequestCacheAwareFilter@4e322108, org.springframework.security.web.servletapi.SecurityContextHolderAwareRequestFilter@496c6d94, org.springframework.security.web.authentication.AnonymousAuthenticationFilter@519e67e, org.springframework.security.web.session.SessionManagementFilter@11fb1691, org.springframework.security.web.access.ExceptionTranslationFilter@524c3e54, org.springframework.security.web.access.intercept.FilterSecurityInterceptor@21f0cc97]
2019-07-04 20:18:03.955  INFO 15836 --- [main] o.s.b.a.e.web.EndpointLinksResolver      : Exposing 2 endpoint(s) beneath base path '/actuator'
2019-07-04 20:18:04.006  INFO 15836 --- [main] s.b.a.e.w.s.WebMvcEndpointHandlerMapping : Mapped "{[/actuator/health],methods=[GET],produces=[application/vnd.spring-boot.actuator.v2+json || application/json]}" onto public java.lang.Object org.springframework.boot.actuate.endpoint.web.servlet.AbstractWebMvcEndpointHandlerMapping$OperationHandler.handle(javax.servlet.http.HttpServletRequest,java.util.Map<java.lang.String, java.lang.String>)
2019-07-04 20:18:04.009  INFO 15836 --- [main] s.b.a.e.w.s.WebMvcEndpointHandlerMapping : Mapped "{[/actuator/info],methods=[GET],produces=[application/vnd.spring-boot.actuator.v2+json || application/json]}" onto public java.lang.Object org.springframework.boot.actuate.endpoint.web.servlet.AbstractWebMvcEndpointHandlerMapping$OperationHandler.handle(javax.servlet.http.HttpServletRequest,java.util.Map<java.lang.String, java.lang.String>)
2019-07-04 20:18:04.019  INFO 15836 --- [main] s.b.a.e.w.s.WebMvcEndpointHandlerMapping : Mapped "{[/actuator],methods=[GET],produces=[application/vnd.spring-boot.actuator.v2+json || application/json]}" onto protected java.util.Map<java.lang.String, java.util.Map<java.lang.String, org.springframework.boot.actuate.endpoint.web.Link>> org.springframework.boot.actuate.endpoint.web.servlet.WebMvcEndpointHandlerMapping.links(javax.servlet.http.HttpServletRequest,javax.servlet.http.HttpServletResponse)
2019-07-04 20:18:05.410  INFO 15836 --- [main] o.s.j.e.a.AnnotationMBeanExporter        : Registering beans for JMX exposure on startup
2019-07-04 20:18:05.417  INFO 15836 --- [main] o.s.j.e.a.AnnotationMBeanExporter        : Bean with name 'dataSource' has been autodetected for JMX exposure
2019-07-04 20:18:05.434  INFO 15836 --- [main] o.s.j.e.a.AnnotationMBeanExporter        : Bean with name 'environmentManager' has been autodetected for JMX exposure
2019-07-04 20:18:05.439  INFO 15836 --- [main] o.s.j.e.a.AnnotationMBeanExporter        : Bean with name 'refreshScope' has been autodetected for JMX exposure
2019-07-04 20:18:05.443  INFO 15836 --- [main] o.s.j.e.a.AnnotationMBeanExporter        : Bean with name 'configurationPropertiesRebinder' has been autodetected for JMX exposure
2019-07-04 20:18:05.463  INFO 15836 --- [main] o.s.j.e.a.AnnotationMBeanExporter        : Located managed bean 'environmentManager': registering with JMX server as MBean [org.springframework.cloud.context.environment:name=environmentManager,type=EnvironmentManager]
2019-07-04 20:18:05.517  INFO 15836 --- [main] o.s.j.e.a.AnnotationMBeanExporter        : Located managed bean 'refreshScope': registering with JMX server as MBean [org.springframework.cloud.context.scope.refresh:name=refreshScope,type=RefreshScope]
2019-07-04 20:18:05.536  INFO 15836 --- [main] o.s.j.e.a.AnnotationMBeanExporter        : Located managed bean 'configurationPropertiesRebinder': registering with JMX server as MBean [org.springframework.cloud.context.properties:name=configurationPropertiesRebinder,context=1950e8a6,type=ConfigurationPropertiesRebinder]
2019-07-04 20:18:05.581  INFO 15836 --- [main] o.s.j.e.a.AnnotationMBeanExporter        : Located MBean 'dataSource': registering with JMX server as MBean [com.zaxxer.hikari:name=dataSource,type=HikariDataSource]
2019-07-04 20:18:05.635  INFO 15836 --- [main] o.s.c.support.DefaultLifecycleProcessor  : Starting beans in phase 0
2019-07-04 20:18:05.690  INFO 15836 --- [main] o.s.c.n.eureka.InstanceInfoFactory       : Setting initial instance status as: STARTING
2019-07-04 20:18:05.880  INFO 15836 --- [main] com.netflix.discovery.DiscoveryClient    : Initializing Eureka in region us-east-1
2019-07-04 20:18:06.553  INFO 15836 --- [main] c.n.d.provider.DiscoveryJerseyProvider   : Using JSON encoding codec LegacyJacksonJson
2019-07-04 20:18:06.555  INFO 15836 --- [main] c.n.d.provider.DiscoveryJerseyProvider   : Using JSON decoding codec LegacyJacksonJson
2019-07-04 20:18:06.904  INFO 15836 --- [main] c.n.d.provider.DiscoveryJerseyProvider   : Using XML encoding codec XStreamXml
2019-07-04 20:18:06.909  INFO 15836 --- [main] c.n.d.provider.DiscoveryJerseyProvider   : Using XML decoding codec XStreamXml
2019-07-04 20:18:07.496  INFO 15836 --- [main] c.n.d.s.r.aws.ConfigClusterResolver      : Resolving eureka endpoints via configuration
2019-07-04 20:18:08.030  INFO 15836 --- [main] com.netflix.discovery.DiscoveryClient    : Disable delta property : false
2019-07-04 20:18:08.036  INFO 15836 --- [main] com.netflix.discovery.DiscoveryClient    : Single vip registry refresh property : null
2019-07-04 20:18:08.040  INFO 15836 --- [main] com.netflix.discovery.DiscoveryClient    : Force full registry fetch : false
2019-07-04 20:18:08.041  INFO 15836 --- [main] com.netflix.discovery.DiscoveryClient    : Application is null : false
2019-07-04 20:18:08.043  INFO 15836 --- [main] com.netflix.discovery.DiscoveryClient    : Registered Applications size is zero : true
2019-07-04 20:18:08.043  INFO 15836 --- [main] com.netflix.discovery.DiscoveryClient    : Application version is -1: true
2019-07-04 20:18:08.043  INFO 15836 --- [main] com.netflix.discovery.DiscoveryClient    : Getting all instance registry info from the eureka server
2019-07-04 20:18:08.517  INFO 15836 --- [main] com.netflix.discovery.DiscoveryClient    : The response status is 200
2019-07-04 20:18:08.575  INFO 15836 --- [main] com.netflix.discovery.DiscoveryClient    : Starting heartbeat executor: renew interval is: 30
2019-07-04 20:18:08.595  INFO 15836 --- [main] c.n.discovery.InstanceInfoReplicator     : InstanceInfoReplicator onDemand update allowed rate per min is 4
2019-07-04 20:18:08.610  INFO 15836 --- [main] com.netflix.discovery.DiscoveryClient    : Discovery Client initialized at timestamp 1562264288608 with initial instances count: 3
2019-07-04 20:18:08.628  INFO 15836 --- [main] o.s.c.n.e.s.EurekaServiceRegistry        : Registering application DEPARTMENT-SERVICE with eureka with status UP
2019-07-04 20:18:08.770  INFO 15836 --- [main] com.netflix.discovery.DiscoveryClient    : Saw local status change event StatusChangeEvent [timestamp=1562264288770, current=UP, previous=STARTING]
2019-07-04 20:18:08.814  INFO 15836 --- [DiscoveryClient-InstanceInfoReplicator-0] com.netflix.discovery.DiscoveryClient    : DiscoveryClient_DEPARTMENT-SERVICE/192.168.0.17:department-service:8084: registering service...
2019-07-04 20:18:09.394  INFO 15836 --- [DiscoveryClient-InstanceInfoReplicator-0] com.netflix.discovery.DiscoveryClient    : DiscoveryClient_DEPARTMENT-SERVICE/192.168.0.17:department-service:8084 - registration status: 204
2019-07-04 20:18:10.195  INFO 15836 --- [main] o.s.b.w.embedded.tomcat.TomcatWebServer  : Tomcat started on port(s): 8084 (http) with context path ''
2019-07-04 20:18:10.208  INFO 15836 --- [main] .s.c.n.e.s.EurekaAutoServiceRegistration : Updating port to 8084
2019-07-04 20:18:10.212  INFO 15836 --- [main] c.a.a.m.d.DepartmentServiceApplication   : Started DepartmentServiceApplication in 25.907 seconds (JVM running for 27.334)
2019-07-04 20:20:27.528  INFO 15836 --- [http-nio-8084-exec-9] o.a.c.c.C.[Tomcat].[localhost].[/]       : Initializing Spring FrameworkServlet 'dispatcherServlet'
2019-07-04 20:20:27.529  INFO 15836 --- [http-nio-8084-exec-9] o.s.web.servlet.DispatcherServlet        : FrameworkServlet 'dispatcherServlet': initialization started
2019-07-04 20:20:27.589  INFO 15836 --- [http-nio-8084-exec-9] o.s.web.servlet.DispatcherServlet        : FrameworkServlet 'dispatcherServlet': initialization completed in 59 ms
2019-07-04 20:20:27.859  WARN 15836 --- [http-nio-8084-exec-9] o.a.c.util.SessionIdGeneratorBase        : Creation of SecureRandom instance for session ID generation using [SHA1PRNG] took [192] milliseconds.
2019-07-04 20:23:08.049  INFO 15836 --- [AsyncResolver-bootstrap-executor-0] c.n.d.s.r.aws.ConfigClusterResolver      : Resolving eureka endpoints via configuration
2019-07-04 20:28:08.051  INFO 15836 --- [AsyncResolver-bootstrap-executor-0] c.n.d.s.r.aws.ConfigClusterResolver      : Resolving eureka endpoints via configuration
2019-07-04 20:33:08.054  INFO 15836 --- [AsyncResolver-bootstrap-executor-0] c.n.d.s.r.aws.ConfigClusterResolver      : Resolving eureka endpoints via configuration
2019-07-04 20:38:08.056  INFO 15836 --- [AsyncResolver-bootstrap-executor-0] c.n.d.s.r.aws.ConfigClusterResolver      : Resolving eureka endpoints via configuration
2019-07-04 20:43:08.059  INFO 15836 --- [AsyncResolver-bootstrap-executor-0] c.n.d.s.r.aws.ConfigClusterResolver      : Resolving eureka endpoints via configuration
2019-07-04 20:48:08.105  INFO 15836 --- [AsyncResolver-bootstrap-executor-0] c.n.d.s.r.aws.ConfigClusterResolver      : Resolving eureka endpoints via configuration
2019-07-04 20:53:08.192  INFO 15836 --- [AsyncResolver-bootstrap-executor-0] c.n.d.s.r.aws.ConfigClusterResolver      : Resolving eureka endpoints via configuration
2019-07-04 20:54:12.231  INFO 7284 --- [main] c.a.a.m.d.DepartmentServiceApplication   : No active profile set, falling back to default profiles: default
2019-07-04 20:54:12.266  INFO 7284 --- [main] ConfigServletWebServerApplicationContext : Refreshing org.springframework.boot.web.servlet.context.AnnotationConfigServletWebServerApplicationContext@25f7391e: startup date [Thu Jul 04 20:54:12 CEST 2019]; parent: org.springframework.context.annotation.AnnotationConfigApplicationContext@3e0e1046
2019-07-04 20:54:13.719  INFO 7284 --- [main] o.s.b.f.s.DefaultListableBeanFactory     : Overriding bean definition for bean 'dataSource' with a different definition: replacing [Root bean: class [null]; scope=refresh; abstract=false; lazyInit=false; autowireMode=3; dependencyCheck=0; autowireCandidate=false; primary=false; factoryBeanName=org.springframework.boot.autoconfigure.jdbc.DataSourceConfiguration$Hikari; factoryMethodName=dataSource; initMethodName=null; destroyMethodName=(inferred); defined in class path resource [org/springframework/boot/autoconfigure/jdbc/DataSourceConfiguration$Hikari.class]] with [Root bean: class [org.springframework.aop.scope.ScopedProxyFactoryBean]; scope=; abstract=false; lazyInit=false; autowireMode=0; dependencyCheck=0; autowireCandidate=true; primary=false; factoryBeanName=null; factoryMethodName=null; initMethodName=null; destroyMethodName=null; defined in BeanDefinition defined in class path resource [org/springframework/boot/autoconfigure/jdbc/DataSourceConfiguration$Hikari.class]]
2019-07-04 20:54:14.000  INFO 7284 --- [main] o.s.cloud.context.scope.GenericScope     : BeanFactory id=9ccdd358-9813-3bac-b6e3-54f510aa7f0a
2019-07-04 20:54:14.041  INFO 7284 --- [main] f.a.AutowiredAnnotationBeanPostProcessor : JSR-330 'javax.inject.Inject' annotation found and supported for autowiring
2019-07-04 20:54:14.248  INFO 7284 --- [main] trationDelegate$BeanPostProcessorChecker : Bean 'org.springframework.transaction.annotation.ProxyTransactionManagementConfiguration' of type [org.springframework.transaction.annotation.ProxyTransactionManagementConfiguration$$EnhancerBySpringCGLIB$$8d117cbe] is not eligible for getting processed by all BeanPostProcessors (for example: not eligible for auto-proxying)
2019-07-04 20:54:14.312  INFO 7284 --- [main] trationDelegate$BeanPostProcessorChecker : Bean 'org.springframework.cloud.autoconfigure.ConfigurationPropertiesRebinderAutoConfiguration' of type [org.springframework.cloud.autoconfigure.ConfigurationPropertiesRebinderAutoConfiguration$$EnhancerBySpringCGLIB$$a92b7fbb] is not eligible for getting processed by all BeanPostProcessors (for example: not eligible for auto-proxying)
2019-07-04 20:54:15.170  INFO 7284 --- [main] o.s.b.w.embedded.tomcat.TomcatWebServer  : Tomcat initialized with port(s): 8084 (http)
2019-07-04 20:54:15.233  INFO 7284 --- [main] o.apache.catalina.core.StandardService   : Starting service [Tomcat]
2019-07-04 20:54:15.234  INFO 7284 --- [main] org.apache.catalina.core.StandardEngine  : Starting Servlet Engine: Apache Tomcat/8.5.34
2019-07-04 20:54:15.255  INFO 7284 --- [localhost-startStop-1] o.a.catalina.core.AprLifecycleListener   : The APR based Apache Tomcat Native library which allows optimal performance in production environments was not found on the java.library.path: [C:\Program Files\Java\jdk-12.0.1\bin;C:\Windows\Sun\Java\bin;C:\Windows\system32;C:\Windows;C:\ProgramData\DockerDesktop\version-bin;C:\Program Files\Docker\Docker\Resources\bin;C:\Program Files (x86)\Common Files\Oracle\Java\javapath;C:\Program Files (x86)\Intel\Intel(R) Management Engine Components\iCLS\;C:\Program Files\Intel\Intel(R) Management Engine Components\iCLS\;C:\Windows\system32;C:\Windows;C:\Windows\System32\Wbem;C:\Windows\System32\WindowsPowerShell\v1.0\;C:\Program Files (x86)\Intel\Intel(R) Management Engine Components\DAL;C:\Program Files\Intel\Intel(R) Management Engine Components\DAL;C:\Program Files (x86)\Intel\Intel(R) Management Engine Components\IPT;C:\Program Files\Intel\Intel(R) Management Engine Components\IPT;C:\Program Files\Intel\WiFi\bin\;C:\Program Files\Common Files\Intel\WirelessCommon\;C:\Program Files\Git\cmd;C:\Program Files (x86)\apache-maven-3.6.1\bin;C:\Program Files\Java\jdk-12.0.1\bin;C:\Program Files\nodejs\;C:\Users\admin\AppData\Local\Microsoft\WindowsApps;C:\Users\admin\AppData\Roaming\npm;.]
2019-07-04 20:54:15.601  INFO 7284 --- [localhost-startStop-1] o.a.c.c.C.[Tomcat].[localhost].[/]       : Initializing Spring embedded WebApplicationContext
2019-07-04 20:54:15.602  INFO 7284 --- [localhost-startStop-1] o.s.web.context.ContextLoader            : Root WebApplicationContext: initialization completed in 3336 ms
2019-07-04 20:54:15.771  INFO 7284 --- [localhost-startStop-1] o.s.b.w.servlet.ServletRegistrationBean  : Servlet dispatcherServlet mapped to [/]
2019-07-04 20:54:15.778  INFO 7284 --- [localhost-startStop-1] o.s.b.w.servlet.FilterRegistrationBean   : Mapping filter: 'characterEncodingFilter' to: [/*]
2019-07-04 20:54:15.779  INFO 7284 --- [localhost-startStop-1] o.s.b.w.servlet.FilterRegistrationBean   : Mapping filter: 'hiddenHttpMethodFilter' to: [/*]
2019-07-04 20:54:15.780  INFO 7284 --- [localhost-startStop-1] o.s.b.w.servlet.FilterRegistrationBean   : Mapping filter: 'httpPutFormContentFilter' to: [/*]
2019-07-04 20:54:15.781  INFO 7284 --- [localhost-startStop-1] o.s.b.w.servlet.FilterRegistrationBean   : Mapping filter: 'requestContextFilter' to: [/*]
2019-07-04 20:54:16.164  INFO 7284 --- [main] com.zaxxer.hikari.HikariDataSource       : HikariPool-1 - Starting...
2019-07-04 20:54:16.443  INFO 7284 --- [main] com.zaxxer.hikari.HikariDataSource       : HikariPool-1 - Start completed.
2019-07-04 20:54:16.535  INFO 7284 --- [main] j.LocalContainerEntityManagerFactoryBean : Building JPA container EntityManagerFactory for persistence unit 'default'
2019-07-04 20:54:16.622  INFO 7284 --- [main] o.hibernate.jpa.internal.util.LogHelper  : HHH000204: Processing PersistenceUnitInfo [
	name: default
	...]
2019-07-04 20:54:16.808  INFO 7284 --- [main] org.hibernate.Version                    : HHH000412: Hibernate Core {5.2.17.Final}
2019-07-04 20:54:16.811  INFO 7284 --- [main] org.hibernate.cfg.Environment            : HHH000206: hibernate.properties not found
2019-07-04 20:54:16.876  INFO 7284 --- [main] o.hibernate.annotations.common.Version   : HCANN000001: Hibernate Commons Annotations {5.0.1.Final}
2019-07-04 20:54:17.102  INFO 7284 --- [main] org.hibernate.dialect.Dialect            : HHH000400: Using dialect: org.hibernate.dialect.MySQL5InnoDBDialect
2019-07-04 20:54:17.857  INFO 7284 --- [main] o.h.t.schema.internal.SchemaCreatorImpl  : HHH000476: Executing import script 'org.hibernate.tool.schema.internal.exec.ScriptSourceInputNonExistentImpl@32c0fecc'
2019-07-04 20:54:17.860  INFO 7284 --- [main] j.LocalContainerEntityManagerFactoryBean : Initialized JPA EntityManagerFactory for persistence unit 'default'
2019-07-04 20:54:18.320  INFO 7284 --- [main] s.c.a.AnnotationConfigApplicationContext : Refreshing FeignContext-DEPARTMENT-SERVICE: startup date [Thu Jul 04 20:54:18 CEST 2019]; parent: org.springframework.boot.web.servlet.context.AnnotationConfigServletWebServerApplicationContext@25f7391e
2019-07-04 20:54:18.351  INFO 7284 --- [main] f.a.AutowiredAnnotationBeanPostProcessor : JSR-330 'javax.inject.Inject' annotation found and supported for autowiring
2019-07-04 20:54:18.700  WARN 7284 --- [main] c.n.c.sources.URLConfigurationSource     : No URLs will be polled as dynamic configuration sources.
2019-07-04 20:54:18.700  INFO 7284 --- [main] c.n.c.sources.URLConfigurationSource     : To enable URLs as dynamic configuration sources, define System property archaius.configurationSource.additionalUrls or make config.properties available on classpath.
2019-07-04 20:54:18.714  WARN 7284 --- [main] c.n.c.sources.URLConfigurationSource     : No URLs will be polled as dynamic configuration sources.
2019-07-04 20:54:18.715  INFO 7284 --- [main] c.n.c.sources.URLConfigurationSource     : To enable URLs as dynamic configuration sources, define System property archaius.configurationSource.additionalUrls or make config.properties available on classpath.
2019-07-04 20:54:18.867  INFO 7284 --- [main] o.s.w.s.handler.SimpleUrlHandlerMapping  : Mapped URL path [/**/favicon.ico] onto handler of type [class org.springframework.web.servlet.resource.ResourceHttpRequestHandler]
2019-07-04 20:54:19.198  INFO 7284 --- [main] s.w.s.m.m.a.RequestMappingHandlerAdapter : Looking for @ControllerAdvice: org.springframework.boot.web.servlet.context.AnnotationConfigServletWebServerApplicationContext@25f7391e: startup date [Thu Jul 04 20:54:12 CEST 2019]; parent: org.springframework.context.annotation.AnnotationConfigApplicationContext@3e0e1046
2019-07-04 20:54:19.302  WARN 7284 --- [main] aWebConfiguration$JpaWebMvcConfiguration : spring.jpa.open-in-view is enabled by default. Therefore, database queries may be performed during view rendering. Explicitly configure spring.jpa.open-in-view to disable this warning
2019-07-04 20:54:19.375  INFO 7284 --- [main] s.w.s.m.m.a.RequestMappingHandlerMapping : Mapped "{[/init-departments],methods=[GET]}" onto public java.lang.String com.a2a.api.microservices.department.api.DepartmentResource.init()
2019-07-04 20:54:19.377  INFO 7284 --- [main] s.w.s.m.m.a.RequestMappingHandlerMapping : Mapped "{[/department/{departmentId}],methods=[GET]}" onto public void com.a2a.api.microservices.department.api.DepartmentResource.deleteAgentBy(int)
2019-07-04 20:54:19.378  INFO 7284 --- [main] s.w.s.m.m.a.RequestMappingHandlerMapping : Mapped "{[/departments],methods=[GET]}" onto public java.util.List<com.a2a.api.microservices.department.domaine.Department> com.a2a.api.microservices.department.api.DepartmentResource.findAllDepartments()
2019-07-04 20:54:19.382  INFO 7284 --- [main] s.w.s.m.m.a.RequestMappingHandlerMapping : Mapped "{[/department],methods=[POST]}" onto public void com.a2a.api.microservices.department.api.DepartmentResource.addDepartment(com.a2a.api.microservices.department.domaine.Department)
2019-07-04 20:54:19.386  INFO 7284 --- [main] s.w.s.m.m.a.RequestMappingHandlerMapping : Mapped "{[/error]}" onto public org.springframework.http.ResponseEntity<java.util.Map<java.lang.String, java.lang.Object>> org.springframework.boot.autoconfigure.web.servlet.error.BasicErrorController.error(javax.servlet.http.HttpServletRequest)
2019-07-04 20:54:19.387  INFO 7284 --- [main] s.w.s.m.m.a.RequestMappingHandlerMapping : Mapped "{[/error],produces=[text/html]}" onto public org.springframework.web.servlet.ModelAndView org.springframework.boot.autoconfigure.web.servlet.error.BasicErrorController.errorHtml(javax.servlet.http.HttpServletRequest,javax.servlet.http.HttpServletResponse)
2019-07-04 20:54:19.481  INFO 7284 --- [main] o.s.w.s.handler.SimpleUrlHandlerMapping  : Mapped URL path [/webjars/**] onto handler of type [class org.springframework.web.servlet.resource.ResourceHttpRequestHandler]
2019-07-04 20:54:19.483  INFO 7284 --- [main] o.s.w.s.handler.SimpleUrlHandlerMapping  : Mapped URL path [/**] onto handler of type [class org.springframework.web.servlet.resource.ResourceHttpRequestHandler]
2019-07-04 20:54:21.306  INFO 7284 --- [main] o.s.j.e.a.AnnotationMBeanExporter        : Registering beans for JMX exposure on startup
2019-07-04 20:54:21.309  INFO 7284 --- [main] o.s.j.e.a.AnnotationMBeanExporter        : Bean with name 'dataSource' has been autodetected for JMX exposure
2019-07-04 20:54:21.322  INFO 7284 --- [main] o.s.j.e.a.AnnotationMBeanExporter        : Bean with name 'refreshScope' has been autodetected for JMX exposure
2019-07-04 20:54:21.325  INFO 7284 --- [main] o.s.j.e.a.AnnotationMBeanExporter        : Bean with name 'configurationPropertiesRebinder' has been autodetected for JMX exposure
2019-07-04 20:54:21.326  INFO 7284 --- [main] o.s.j.e.a.AnnotationMBeanExporter        : Bean with name 'environmentManager' has been autodetected for JMX exposure
2019-07-04 20:54:21.332  INFO 7284 --- [main] o.s.j.e.a.AnnotationMBeanExporter        : Located managed bean 'environmentManager': registering with JMX server as MBean [org.springframework.cloud.context.environment:name=environmentManager,type=EnvironmentManager]
2019-07-04 20:54:21.352  INFO 7284 --- [main] o.s.j.e.a.AnnotationMBeanExporter        : Located managed bean 'refreshScope': registering with JMX server as MBean [org.springframework.cloud.context.scope.refresh:name=refreshScope,type=RefreshScope]
2019-07-04 20:54:21.371  INFO 7284 --- [main] o.s.j.e.a.AnnotationMBeanExporter        : Located managed bean 'configurationPropertiesRebinder': registering with JMX server as MBean [org.springframework.cloud.context.properties:name=configurationPropertiesRebinder,context=25f7391e,type=ConfigurationPropertiesRebinder]
2019-07-04 20:54:21.380  INFO 7284 --- [main] o.s.j.e.a.AnnotationMBeanExporter        : Located MBean 'dataSource': registering with JMX server as MBean [com.zaxxer.hikari:name=dataSource,type=HikariDataSource]
2019-07-04 20:54:21.397  INFO 7284 --- [main] o.s.c.support.DefaultLifecycleProcessor  : Starting beans in phase 0
2019-07-04 20:54:21.419  INFO 7284 --- [main] o.s.c.n.eureka.InstanceInfoFactory       : Setting initial instance status as: STARTING
2019-07-04 20:54:21.512  INFO 7284 --- [main] com.netflix.discovery.DiscoveryClient    : Initializing Eureka in region us-east-1
2019-07-04 20:54:21.874  INFO 7284 --- [main] c.n.d.provider.DiscoveryJerseyProvider   : Using JSON encoding codec LegacyJacksonJson
2019-07-04 20:54:21.876  INFO 7284 --- [main] c.n.d.provider.DiscoveryJerseyProvider   : Using JSON decoding codec LegacyJacksonJson
2019-07-04 20:54:22.132  INFO 7284 --- [main] c.n.d.provider.DiscoveryJerseyProvider   : Using XML encoding codec XStreamXml
2019-07-04 20:54:22.132  INFO 7284 --- [main] c.n.d.provider.DiscoveryJerseyProvider   : Using XML decoding codec XStreamXml
2019-07-04 20:54:22.458  INFO 7284 --- [main] c.n.d.s.r.aws.ConfigClusterResolver      : Resolving eureka endpoints via configuration
2019-07-04 20:54:22.754  INFO 7284 --- [main] com.netflix.discovery.DiscoveryClient    : Disable delta property : false
2019-07-04 20:54:22.754  INFO 7284 --- [main] com.netflix.discovery.DiscoveryClient    : Single vip registry refresh property : null
2019-07-04 20:54:22.754  INFO 7284 --- [main] com.netflix.discovery.DiscoveryClient    : Force full registry fetch : false
2019-07-04 20:54:22.754  INFO 7284 --- [main] com.netflix.discovery.DiscoveryClient    : Application is null : false
2019-07-04 20:54:22.755  INFO 7284 --- [main] com.netflix.discovery.DiscoveryClient    : Registered Applications size is zero : true
2019-07-04 20:54:22.755  INFO 7284 --- [main] com.netflix.discovery.DiscoveryClient    : Application version is -1: true
2019-07-04 20:54:22.755  INFO 7284 --- [main] com.netflix.discovery.DiscoveryClient    : Getting all instance registry info from the eureka server
2019-07-04 20:54:23.511  INFO 7284 --- [main] com.netflix.discovery.DiscoveryClient    : The response status is 200
2019-07-04 20:54:23.518  INFO 7284 --- [main] com.netflix.discovery.DiscoveryClient    : Starting heartbeat executor: renew interval is: 30
2019-07-04 20:54:23.523  INFO 7284 --- [main] c.n.discovery.InstanceInfoReplicator     : InstanceInfoReplicator onDemand update allowed rate per min is 4
2019-07-04 20:54:23.547  INFO 7284 --- [main] com.netflix.discovery.DiscoveryClient    : Discovery Client initialized at timestamp 1562266463545 with initial instances count: 3
2019-07-04 20:54:23.563  INFO 7284 --- [main] o.s.c.n.e.s.EurekaServiceRegistry        : Registering application DEPARTMENT-SERVICE with eureka with status UP
2019-07-04 20:54:23.564  INFO 7284 --- [main] com.netflix.discovery.DiscoveryClient    : Saw local status change event StatusChangeEvent [timestamp=1562266463564, current=UP, previous=STARTING]
2019-07-04 20:54:23.601  INFO 7284 --- [DiscoveryClient-InstanceInfoReplicator-0] com.netflix.discovery.DiscoveryClient    : DiscoveryClient_DEPARTMENT-SERVICE/192.168.0.17:department-service:8084: registering service...
2019-07-04 20:54:23.650  INFO 7284 --- [DiscoveryClient-InstanceInfoReplicator-0] com.netflix.discovery.DiscoveryClient    : DiscoveryClient_DEPARTMENT-SERVICE/192.168.0.17:department-service:8084 - registration status: 204
2019-07-04 20:54:23.742  INFO 7284 --- [main] o.s.b.w.embedded.tomcat.TomcatWebServer  : Tomcat started on port(s): 8084 (http) with context path ''
2019-07-04 20:54:23.744  INFO 7284 --- [main] .s.c.n.e.s.EurekaAutoServiceRegistration : Updating port to 8084
2019-07-04 20:54:23.753  INFO 7284 --- [main] c.a.a.m.d.DepartmentServiceApplication   : Started DepartmentServiceApplication in 15.893 seconds (JVM running for 17.079)
2019-07-04 20:57:22.802  INFO 7284 --- [http-nio-8084-exec-9] o.a.c.c.C.[Tomcat].[localhost].[/]       : Initializing Spring FrameworkServlet 'dispatcherServlet'
2019-07-04 20:57:22.803  INFO 7284 --- [http-nio-8084-exec-9] o.s.web.servlet.DispatcherServlet        : FrameworkServlet 'dispatcherServlet': initialization started
2019-07-04 20:57:22.839  INFO 7284 --- [http-nio-8084-exec-9] o.s.web.servlet.DispatcherServlet        : FrameworkServlet 'dispatcherServlet': initialization completed in 36 ms
2019-07-04 20:57:22.878  INFO 7284 --- [http-nio-8084-exec-9] c.a.a.m.d.service.DepartmentService      : Récupération de tous les services
2019-07-04 20:57:22.965  INFO 7284 --- [http-nio-8084-exec-9] o.h.h.i.QueryTranslatorFactoryInitiator  : HHH000397: Using ASTQueryTranslatorFactory
2019-07-04 20:57:29.318  INFO 7284 --- [http-nio-8084-exec-8] c.a.a.m.d.service.DepartmentService      : Récupération de tous les services
2019-07-04 20:57:56.186  INFO 7284 --- [http-nio-8084-exec-7] c.a.a.m.d.service.DepartmentService      : Récupération de tous les services
2019-07-04 20:59:22.760  INFO 7284 --- [AsyncResolver-bootstrap-executor-0] c.n.d.s.r.aws.ConfigClusterResolver      : Resolving eureka endpoints via configuration
2019-07-04 21:04:22.764  INFO 7284 --- [AsyncResolver-bootstrap-executor-0] c.n.d.s.r.aws.ConfigClusterResolver      : Resolving eureka endpoints via configuration
2019-07-04 21:09:22.767  INFO 7284 --- [AsyncResolver-bootstrap-executor-0] c.n.d.s.r.aws.ConfigClusterResolver      : Resolving eureka endpoints via configuration
2019-07-04 21:14:22.769  INFO 7284 --- [AsyncResolver-bootstrap-executor-0] c.n.d.s.r.aws.ConfigClusterResolver      : Resolving eureka endpoints via configuration
2019-07-04 21:19:22.772  INFO 7284 --- [AsyncResolver-bootstrap-executor-0] c.n.d.s.r.aws.ConfigClusterResolver      : Resolving eureka endpoints via configuration
2019-07-04 21:24:22.773  INFO 7284 --- [AsyncResolver-bootstrap-executor-0] c.n.d.s.r.aws.ConfigClusterResolver      : Resolving eureka endpoints via configuration
2019-07-04 21:29:22.777  INFO 7284 --- [AsyncResolver-bootstrap-executor-0] c.n.d.s.r.aws.ConfigClusterResolver      : Resolving eureka endpoints via configuration
2019-07-04 21:42:29.071  WARN 7284 --- [HikariPool-1 housekeeper] com.zaxxer.hikari.pool.HikariPool        : HikariPool-1 - Thread starvation or clock leap detected (housekeeper delta=13m22s773ms821µs143ns).
2019-07-04 21:47:05.145  INFO 7284 --- [AsyncResolver-bootstrap-executor-0] c.n.d.s.r.aws.ConfigClusterResolver      : Resolving eureka endpoints via configuration
2019-07-04 21:52:05.148  INFO 7284 --- [AsyncResolver-bootstrap-executor-0] c.n.d.s.r.aws.ConfigClusterResolver      : Resolving eureka endpoints via configuration
